<?xml version="1.0" encoding="UTF-8"?>
<TestRun id="575d44ec-aac1-46e7-b4b3-8129a5e09021" name="Kayla@LONDON 2016-07-05 17:26:36" runUser="London\Kayla" xmlns="http://microsoft.com/schemas/VisualStudio/TeamTest/2010">
  <TestSettings name="Local" id="e3fb9b58-c32e-490f-b08a-53fb0798f3f3">
    <Description>These are default test settings for a local test run.</Description>
    <Deployment enabled="false" runDeploymentRoot="Kayla_LONDON 2016-07-05 17_26_36">
      <DeploymentItem filename="c:\users\kayla\documents\visual studio 2010\Projects\ShiftWiseCodeExercise\ShiftWiseCodeExercise\bin\ShiftWiseCodeExercise.dll" />
    </Deployment>
    <Execution>
      <TestTypeSpecific />
      <AgentRule name="Execution Agents">
      </AgentRule>
    </Execution>
  </TestSettings>
  <Times creation="2016-07-05T17:26:36.5185401-07:00" queuing="2016-07-05T17:26:36.5545422-07:00" start="2016-07-05T17:26:36.5585424-07:00" finish="2016-07-05T17:26:36.7055508-07:00" />
  <ResultSummary outcome="Completed">
    <Counters total="1" executed="1" passed="1" error="0" failed="0" timeout="0" aborted="0" inconclusive="0" passedButRunAborted="0" notRunnable="0" notExecuted="0" disconnected="0" warning="0" completed="0" inProgress="0" pending="0" />
  </ResultSummary>
  <TestDefinitions>
    <UnitTest name="CardNameShouldBeFormatted" storage="c:\users\kayla\documents\visual studio 2010\projects\shiftwisecodeexercise\shiftwisecodeexerciseunittests\bin\debug\shiftwisecodeexerciseunittests.dll" id="a2833573-78b2-3e3b-dac7-d1c513d0ba59">
      <Execution id="b93de3ca-5b37-4a32-89fe-c272999e3786" />
      <TestMethod codeBase="c:/users/kayla/documents/visual studio 2010/Projects/ShiftWiseCodeExercise/ShiftWiseCodeExerciseUnitTests/bin/Debug/ShiftWiseCodeExerciseUnitTests.DLL" adapterTypeName="Microsoft.VisualStudio.TestTools.TestTypes.Unit.UnitTestAdapter, Microsoft.VisualStudio.QualityTools.Tips.UnitTest.Adapter, Version=10.0.0.0, Culture=neutral, PublicKeyToken=b03f5f7f11d50a3a" className="ShiftWiseCodeExerciseUnitTests.CardTest, ShiftWiseCodeExerciseUnitTests, Version=1.0.0.0, Culture=neutral, PublicKeyToken=null" name="CardNameShouldBeFormatted" />
    </UnitTest>
  </TestDefinitions>
  <TestLists>
    <TestList name="Results Not in a List" id="8c84fa94-04c1-424b-9868-57a2d4851a1d" />
    <TestList name="All Loaded Results" id="19431567-8539-422a-85d7-44ee4e166bda" />
  </TestLists>
  <TestEntries>
    <TestEntry testId="a2833573-78b2-3e3b-dac7-d1c513d0ba59" executionId="b93de3ca-5b37-4a32-89fe-c272999e3786" testListId="8c84fa94-04c1-424b-9868-57a2d4851a1d" />
  </TestEntries>
  <Results>
    <UnitTestResult executionId="b93de3ca-5b37-4a32-89fe-c272999e3786" testId="a2833573-78b2-3e3b-dac7-d1c513d0ba59" testName="CardNameShouldBeFormatted" computerName="LONDON" duration="00:00:00.0098014" startTime="2016-07-05T17:26:36.5625426-07:00" endTime="2016-07-05T17:26:36.6945502-07:00" testType="13cdc9d9-ddb5-4fa4-a97d-d965ccfc6d4b" outcome="Passed" testListId="8c84fa94-04c1-424b-9868-57a2d4851a1d" relativeResultsDirectory="b93de3ca-5b37-4a32-89fe-c272999e3786">
    </UnitTestResult>
  </Results>
</TestRun>